<?xml version="1.0" encoding="UTF-8"?>
<!-- Generated by org.testng.reporters.JUnitReportReporter -->
<testsuite skipped="0" hostname="LAPTOP-N43QMCDA" name="com.ECommerceAssignment.test.BuyProduct" tests="1" failures="0" timestamp="03 Mar 2020 05:50:56 GMT" time="23.716" errors="0">
  <testcase name="BuyShirt" time="23.716" classname="com.ECommerceAssignment.test.BuyProduct"/>
</testsuite> <!-- com.ECommerceAssignment.test.BuyProduct -->
